2026.03.03 19:36:16 INFO  Database: jdbc:h2:file:/home/w8ste/uni/copl/copl-2025-main/Tasks/Exercise Bundle 01/.metals/metals (H2 2.3)[0m
2026.03.03 19:36:16 INFO  Schema history table "PUBLIC"."flyway_schema_history" does not exist yet[0m
2026.03.03 19:36:16 INFO  Successfully validated 6 migrations (execution time 00:00.003s)[0m
2026.03.03 19:36:16 INFO  Creating Schema History table "PUBLIC"."flyway_schema_history" ...[0m
2026.03.03 19:36:16 INFO  Current version of schema "PUBLIC": << Empty Schema >>[0m
2026.03.03 19:36:16 INFO  Migrating schema "PUBLIC" to version "1 - Create tables"[0m
2026.03.03 19:36:16 INFO  Migrating schema "PUBLIC" to version "2 - Server discovery"[0m
2026.03.03 19:36:16 INFO  Migrating schema "PUBLIC" to version "3 - Jar symbols"[0m
2026.03.03 19:36:16 INFO  Migrating schema "PUBLIC" to version "4 - Fingerprints"[0m
2026.03.03 19:36:16 INFO  Migrating schema "PUBLIC" to version "5 - Jar type hierarchy"[0m
2026.03.03 19:36:16 INFO  Migrating schema "PUBLIC" to version "6 - Delete indices"[0m
2026.03.03 19:36:16 INFO  Successfully applied 6 migrations to schema "PUBLIC", now at version v6 (execution time 00:00.026s)[0m
2026.03.03 19:36:16 WARN  [default] no logical packages found in source path (mode: MBT)[0m
Starting up PC for Metals/default. Sourcepath: empty
2026.03.03 19:36:16 INFO  compiler crashed due to an error in the Scala compiler, retrying with new compiler instance.[0m
2026.03.03 19:36:16 WARN  [default] no logical packages found in source path (mode: MBT)[0m
2026.03.03 19:36:16 INFO  mbt-v2: indexing 8 files[0m
Starting up PC for Metals/default. Sourcepath: empty
2026.03.03 19:36:16 INFO  time: mbt-v2 loaded index for 8 files in 0.11s[0m
2026.03.03 19:36:16 WARN  GitVCS.status failed in workspace /home/w8ste/uni/copl/copl-2025-main/Tasks/Exercise Bundle 01 with exit code 128[0m
Starting up PC for Metals/default. Sourcepath: empty
2026.03.03 19:38:07 WARN  no build target for: /home/w8ste/uni/copl/copl-2025-main/Tasks/Exercise Bundle 01/Tasks/src/main/scala/exercises/ex01basics/ScalaWarmup.scala[0m
2026.03.03 19:38:34 WARN  no build target for: /home/w8ste/uni/copl/copl-2025-main/Tasks/Exercise Bundle 01/Tasks/src/main/scala/exercises/ex01basics/ScalaWarmup.scala[0m
2026.03.03 19:39:01 WARN  no build target for: /home/w8ste/uni/copl/copl-2025-main/Tasks/Exercise Bundle 01/Tasks/src/main/scala/exercises/ex01basics/ScalaWarmup.scala[0m
2026.03.03 19:39:12 WARN  no build target for: /home/w8ste/uni/copl/copl-2025-main/Tasks/Exercise Bundle 01/Tasks/src/main/scala/exercises/ex01basics/ScalaWarmup.scala[0m
2026.03.03 19:40:09 WARN  no build target for: /home/w8ste/uni/copl/copl-2025-main/Tasks/Exercise Bundle 01/Tasks/src/main/scala/exercises/ex01basics/ScalaWarmup.scala[0m
2026.03.03 19:40:16 WARN  no build target for: /home/w8ste/uni/copl/copl-2025-main/Tasks/Exercise Bundle 01/Tasks/src/main/scala/exercises/ex01basics/ScalaWarmup.scala[0m
2026.03.03 19:40:33 WARN  no build target for: /home/w8ste/uni/copl/copl-2025-main/Tasks/Exercise Bundle 01/Tasks/src/main/scala/exercises/ex01basics/ScalaWarmup.scala[0m
2026.03.03 19:41:21 WARN  no build target for: /home/w8ste/uni/copl/copl-2025-main/Tasks/Exercise Bundle 01/Tasks/src/main/scala/exercises/ex01basics/ScalaWarmup.scala[0m
2026.03.03 19:41:30 WARN  no build target for: /home/w8ste/uni/copl/copl-2025-main/Tasks/Exercise Bundle 01/Tasks/src/main/scala/exercises/ex01basics/ScalaWarmup.scala[0m
2026.03.03 19:43:03 WARN  no build target for: /home/w8ste/uni/copl/copl-2025-main/Tasks/Exercise Bundle 01/Tasks/src/main/scala/exercises/ex01basics/ScalaWarmup.scala[0m
2026.03.03 19:43:42 WARN  no build target for: /home/w8ste/uni/copl/copl-2025-main/Tasks/Exercise Bundle 01/Tasks/src/main/scala/exercises/ex01basics/ScalaWarmup.scala[0m
2026.03.03 19:44:37 WARN  no build target for: /home/w8ste/uni/copl/copl-2025-main/Tasks/Exercise Bundle 01/Tasks/src/main/scala/exercises/ex01basics/ScalaWarmup.scala[0m
2026.03.03 19:44:47 WARN  no build target for: /home/w8ste/uni/copl/copl-2025-main/Tasks/Exercise Bundle 01/Tasks/src/main/scala/exercises/ex01basics/ScalaWarmup.scala[0m
2026.03.03 19:44:56 WARN  no build target for: /home/w8ste/uni/copl/copl-2025-main/Tasks/Exercise Bundle 01/Tasks/src/main/scala/exercises/ex01basics/ScalaWarmup.scala[0m
2026.03.03 19:45:07 WARN  no build target for: /home/w8ste/uni/copl/copl-2025-main/Tasks/Exercise Bundle 01/Tasks/src/main/scala/exercises/ex01basics/ScalaWarmup.scala[0m
2026.03.03 19:45:15 WARN  no build target for: /home/w8ste/uni/copl/copl-2025-main/Tasks/Exercise Bundle 01/Tasks/src/main/scala/exercises/ex01basics/ScalaWarmup.scala[0m
2026.03.03 19:58:42 WARN  no build target for: /home/w8ste/uni/copl/copl-2025-main/Tasks/Exercise Bundle 01/Tasks/src/main/scala/exercises/ex01basics/ArithmeticExpressions.scala[0m
2026.03.03 19:59:31 WARN  no build target for: /home/w8ste/uni/copl/copl-2025-main/Tasks/Exercise Bundle 01/Tasks/src/main/scala/exercises/ex01basics/ArithmeticExpressions.scala[0m
2026.03.03 19:59:55 WARN  no build target for: /home/w8ste/uni/copl/copl-2025-main/Tasks/Exercise Bundle 01/Tasks/src/main/scala/exercises/ex01basics/ArithmeticExpressions.scala[0m
2026.03.03 20:00:06 WARN  no build target for: /home/w8ste/uni/copl/copl-2025-main/Tasks/Exercise Bundle 01/Tasks/src/main/scala/exercises/ex01basics/ArithmeticExpressions.scala[0m
2026.03.03 20:00:24 WARN  no build target for: /home/w8ste/uni/copl/copl-2025-main/Tasks/Exercise Bundle 01/Tasks/src/main/scala/exercises/ex01basics/ArithmeticExpressions.scala[0m
2026.03.03 20:00:27 WARN  no build target for: /home/w8ste/uni/copl/copl-2025-main/Tasks/Exercise Bundle 01/Tasks/src/main/scala/exercises/ex01basics/ArithmeticExpressions.scala[0m
2026.03.03 20:08:25 WARN  no build target for: /home/w8ste/uni/copl/copl-2025-main/Tasks/Exercise Bundle 01/Tasks/src/main/scala/exercises/ex01basics/ArithmeticExpressions.scala[0m
2026.03.03 20:09:14 WARN  no build target for: /home/w8ste/uni/copl/copl-2025-main/Tasks/Exercise Bundle 01/Tasks/src/main/scala/exercises/ex01basics/ArithmeticExpressions.scala[0m
2026.03.03 20:09:41 WARN  no build target for: /home/w8ste/uni/copl/copl-2025-main/Tasks/Exercise Bundle 01/Tasks/src/main/scala/exercises/ex01basics/ArithmeticExpressions.scala[0m
2026.03.03 20:09:52 WARN  no build target for: /home/w8ste/uni/copl/copl-2025-main/Tasks/Exercise Bundle 01/Tasks/src/main/scala/exercises/ex01basics/ArithmeticExpressions.scala[0m
2026.03.03 20:09:57 WARN  no build target for: /home/w8ste/uni/copl/copl-2025-main/Tasks/Exercise Bundle 01/Tasks/src/main/scala/exercises/ex01basics/ArithmeticExpressions.scala[0m
2026.03.03 20:10:23 WARN  no build target for: /home/w8ste/uni/copl/copl-2025-main/Tasks/Exercise Bundle 01/Tasks/src/main/scala/exercises/ex01basics/ArithmeticExpressions.scala[0m
2026.03.03 20:10:46 WARN  no build target for: /home/w8ste/uni/copl/copl-2025-main/Tasks/Exercise Bundle 01/Tasks/src/main/scala/exercises/ex01basics/ArithmeticExpressions.scala[0m
2026.03.03 20:12:06 WARN  no build target for: /home/w8ste/uni/copl/copl-2025-main/Tasks/Exercise Bundle 01/Tasks/src/main/scala/exercises/ex01basics/ArithmeticExpressions.scala[0m
2026.03.03 20:12:19 WARN  no build target for: /home/w8ste/uni/copl/copl-2025-main/Tasks/Exercise Bundle 01/Tasks/src/main/scala/exercises/ex01basics/ArithmeticExpressions.scala[0m
2026.03.03 20:14:56 WARN  no build target for: /home/w8ste/uni/copl/copl-2025-main/Tasks/Exercise Bundle 01/Tasks/src/main/scala/exercises/ex01basics/ArithmeticExpressions.scala[0m
2026.03.03 20:15:15 WARN  no build target for: /home/w8ste/uni/copl/copl-2025-main/Tasks/Exercise Bundle 01/Tasks/src/main/scala/exercises/ex01basics/ArithmeticExpressions.scala[0m
2026.03.03 20:15:43 WARN  no build target for: /home/w8ste/uni/copl/copl-2025-main/Tasks/Exercise Bundle 01/Tasks/src/main/scala/exercises/ex01basics/ArithmeticExpressions.scala[0m
2026.03.03 20:16:36 WARN  no build target for: /home/w8ste/uni/copl/copl-2025-main/Tasks/Exercise Bundle 01/Tasks/src/main/scala/exercises/ex01basics/ArithmeticExpressions.scala[0m
2026.03.03 20:16:53 WARN  no build target for: /home/w8ste/uni/copl/copl-2025-main/Tasks/Exercise Bundle 01/Tasks/src/main/scala/exercises/ex01basics/ArithmeticExpressions.scala[0m
2026.03.03 20:17:12 WARN  no build target for: /home/w8ste/uni/copl/copl-2025-main/Tasks/Exercise Bundle 01/Tasks/src/main/scala/exercises/ex01basics/ArithmeticExpressions.scala[0m
2026.03.03 20:18:05 WARN  no build target for: /home/w8ste/uni/copl/copl-2025-main/Tasks/Exercise Bundle 01/Tasks/src/main/scala/exercises/ex01basics/ArithmeticExpressions.scala[0m
2026.03.03 20:19:01 WARN  no build target for: /home/w8ste/uni/copl/copl-2025-main/Tasks/Exercise Bundle 01/Tasks/src/main/scala/exercises/ex01basics/ArithmeticExpressions.scala[0m
2026.03.03 20:21:52 WARN  no build target for: /home/w8ste/uni/copl/copl-2025-main/Tasks/Exercise Bundle 01/Tasks/src/main/scala/homework/assignment01basic/BooleanInterpreter.scala[0m
2026.03.03 20:22:26 WARN  no build target for: /home/w8ste/uni/copl/copl-2025-main/Tasks/Exercise Bundle 01/Tasks/src/main/scala/homework/assignment01basic/BooleanInterpreter.scala[0m
2026.03.03 20:23:16 WARN  no build target for: /home/w8ste/uni/copl/copl-2025-main/Tasks/Exercise Bundle 01/Tasks/src/main/scala/homework/assignment01basic/BooleanInterpreter.scala[0m
2026.03.03 20:23:17 WARN  no build target for: /home/w8ste/uni/copl/copl-2025-main/Tasks/Exercise Bundle 01/Tasks/src/main/scala/homework/assignment01basic/BooleanInterpreter.scala[0m
2026.03.03 20:24:14 WARN  no build target for: /home/w8ste/uni/copl/copl-2025-main/Tasks/Exercise Bundle 01/Tasks/src/main/scala/homework/assignment01basic/BooleanInterpreter.scala[0m
2026.03.03 20:24:27 WARN  no build target for: /home/w8ste/uni/copl/copl-2025-main/Tasks/Exercise Bundle 01/Tasks/src/main/scala/homework/assignment01basic/BooleanInterpreter.scala[0m
2026.03.03 20:24:28 WARN  no build target for: /home/w8ste/uni/copl/copl-2025-main/Tasks/Exercise Bundle 01/Tasks/src/main/scala/homework/assignment01basic/BooleanInterpreter.scala[0m
2026.03.03 20:25:39 WARN  no build target for: /home/w8ste/uni/copl/copl-2025-main/Tasks/Exercise Bundle 01/Tasks/src/main/scala/homework/assignment01basic/BooleanInterpreter.scala[0m
2026.03.03 21:33:22 WARN  no build target for: /home/w8ste/uni/copl/copl-2025-main/Tasks/Exercise Bundle 01/Tasks/src/main/scala/homework/assignment01basic/Preprocessor.scala[0m
2026.03.03 21:34:19 WARN  no build target for: /home/w8ste/uni/copl/copl-2025-main/Tasks/Exercise Bundle 01/Tasks/src/main/scala/homework/assignment01basic/Preprocessor.scala[0m
2026.03.03 21:34:35 WARN  no build target for: /home/w8ste/uni/copl/copl-2025-main/Tasks/Exercise Bundle 01/Tasks/src/main/scala/homework/assignment01basic/Preprocessor.scala[0m
2026.03.03 21:34:58 WARN  no build target for: /home/w8ste/uni/copl/copl-2025-main/Tasks/Exercise Bundle 01/Tasks/src/main/scala/homework/assignment01basic/Preprocessor.scala[0m
2026.03.03 21:35:33 WARN  no build target for: /home/w8ste/uni/copl/copl-2025-main/Tasks/Exercise Bundle 01/Tasks/src/main/scala/homework/assignment01basic/Preprocessor.scala[0m
2026.03.03 21:35:42 WARN  no build target for: /home/w8ste/uni/copl/copl-2025-main/Tasks/Exercise Bundle 01/Tasks/src/main/scala/homework/assignment01basic/Preprocessor.scala[0m
2026.03.03 21:36:12 WARN  no build target for: /home/w8ste/uni/copl/copl-2025-main/Tasks/Exercise Bundle 01/Tasks/src/main/scala/homework/assignment01basic/Preprocessor.scala[0m
2026.03.03 21:36:17 WARN  no build target for: /home/w8ste/uni/copl/copl-2025-main/Tasks/Exercise Bundle 01/Tasks/src/main/scala/homework/assignment01basic/Preprocessor.scala[0m
2026.03.03 21:36:28 WARN  no build target for: /home/w8ste/uni/copl/copl-2025-main/Tasks/Exercise Bundle 01/Tasks/src/main/scala/homework/assignment01basic/Preprocessor.scala[0m
2026.03.03 21:37:36 WARN  Range [1268, 1268 + -1) out of bounds for length 1300[0m
2026.03.03 21:37:42 WARN  no build target for: /home/w8ste/uni/copl/copl-2025-main/Tasks/Exercise Bundle 01/Tasks/src/main/scala/homework/assignment01basic/Preprocessor.scala[0m
2026.03.03 21:38:03 WARN  no build target for: /home/w8ste/uni/copl/copl-2025-main/Tasks/Exercise Bundle 01/Tasks/src/main/scala/homework/assignment01basic/Preprocessor.scala[0m
2026.03.03 21:40:23 WARN  no build target for: /home/w8ste/uni/copl/copl-2025-main/Tasks/Exercise Bundle 01/Tasks/src/main/scala/homework/assignment01basic/Preprocessor.scala[0m
2026.03.03 21:47:56 WARN  no build target for: /home/w8ste/uni/copl/copl-2025-main/Tasks/Exercise Bundle 01/Tasks/src/main/scala/homework/assignment01basic/Preprocessor.scala[0m
2026.03.03 21:48:03 WARN  no build target for: /home/w8ste/uni/copl/copl-2025-main/Tasks/Exercise Bundle 01/Tasks/src/main/scala/homework/assignment01basic/Preprocessor.scala[0m
2026.03.03 21:56:08 WARN  Range [1202, 1202 + -1) out of bounds for length 1336[0m
2026.03.03 21:56:19 WARN  no build target for: /home/w8ste/uni/copl/copl-2025-main/Tasks/Exercise Bundle 01/Tasks/src/main/scala/homework/assignment01basic/Preprocessor.scala[0m
2026.03.03 21:56:21 WARN  no build target for: /home/w8ste/uni/copl/copl-2025-main/Tasks/Exercise Bundle 01/Tasks/src/main/scala/homework/assignment01basic/Preprocessor.scala[0m
