2026.03.06 01:02:08 INFO  Database: jdbc:h2:file:/home/w8ste/uni/copl/Tasks/Exercise Bundle 03/Code/.metals/metals (H2 2.3)[0m
2026.03.06 01:02:08 INFO  Schema history table "PUBLIC"."flyway_schema_history" does not exist yet[0m
2026.03.06 01:02:08 INFO  Successfully validated 6 migrations (execution time 00:00.002s)[0m
2026.03.06 01:02:08 INFO  Creating Schema History table "PUBLIC"."flyway_schema_history" ...[0m
2026.03.06 01:02:08 INFO  Current version of schema "PUBLIC": << Empty Schema >>[0m
2026.03.06 01:02:08 INFO  Migrating schema "PUBLIC" to version "1 - Create tables"[0m
2026.03.06 01:02:08 INFO  Migrating schema "PUBLIC" to version "2 - Server discovery"[0m
2026.03.06 01:02:08 INFO  Migrating schema "PUBLIC" to version "3 - Jar symbols"[0m
2026.03.06 01:02:08 INFO  Migrating schema "PUBLIC" to version "4 - Fingerprints"[0m
2026.03.06 01:02:08 INFO  Migrating schema "PUBLIC" to version "5 - Jar type hierarchy"[0m
2026.03.06 01:02:08 INFO  Migrating schema "PUBLIC" to version "6 - Delete indices"[0m
2026.03.06 01:02:08 INFO  Successfully applied 6 migrations to schema "PUBLIC", now at version v6 (execution time 00:00.026s)[0m
2026.03.06 01:02:08 WARN  [default] no logical packages found in source path (mode: MBT)[0m
Starting up PC for Metals/default. Sourcepath: empty
2026.03.06 01:02:08 INFO  mbt-v2: indexing 30 files[0m
2026.03.06 01:02:08 INFO  compiler crashed due to an error in the Scala compiler, retrying with new compiler instance.[0m
2026.03.06 01:02:08 INFO  time: mbt-v2 loaded index for 30 files in 0.17s[0m
Starting up PC for Metals/default. Sourcepath: empty
Exception in thread "Compiler Job Thread [default]" scala.tools.nsc.interactive.ShutdownReq$
Starting up PC for Metals/default. Sourcepath: empty
Starting up PC for Metals/default. Sourcepath: empty
2026.03.06 01:02:20 INFO  compiler crashed due to an error in the Scala compiler, retrying with new compiler instance.[0m
Starting up PC for Metals/default. Sourcepath: empty
2026.03.06 01:02:20 ERROR java.lang.AssertionError: assertion failed: file:///home/w8ste/uni/copl/Tasks/Exercise%20Bundle%2003/Code/Tasks/src/main/scala/homework/assignment03functions/part1/Fibonacci.scala: 386 >= 386 (full report at: /home/w8ste/uni/copl/Tasks/Exercise Bundle 03/Code/.metals/.reports/metals-full/2026-03-06/r_compiler-error__01-02-20-479.md)[0m
Starting up PC for Metals/default. Sourcepath: empty
2026.03.06 01:03:16 INFO  Shutting down server[0m
2026.03.06 01:03:16 INFO  shutting down Metals[0m
2026.03.06 01:03:16 ERROR cancellation error
org.h2.jdbc.JdbcSQLNonTransientConnectionException: Database is already closed (to disable automatic closing at VM shutdown, add ";DB_CLOSE_ON_EXIT=FALSE" to the db URL) [90121-232]
	at org.h2.message.DbException.getJdbcSQLException(DbException.java:690)
	at org.h2.message.DbException.getJdbcSQLException(DbException.java:489)
	at org.h2.message.DbException.get(DbException.java:223)
	at org.h2.message.DbException.get(DbException.java:199)
	at org.h2.message.DbException.get(DbException.java:188)
	at org.h2.jdbc.JdbcConnection.checkClosed(JdbcConnection.java:1423)
	at org.h2.jdbc.JdbcConnection.prepareStatement(JdbcConnection.java:313)
	at scala.meta.internal.metals.Fingerprints.save(Fingerprints.scala:33)
	at scala.meta.internal.metals.MetalsLspService.onShutdown(MetalsLspService.scala:771)
	at scala.meta.internal.metals.WorkspaceLspService.$anonfun$shutdown$2(WorkspaceLspService.scala:1421)
	at scala.meta.internal.metals.WorkspaceLspService.$anonfun$shutdown$2$adapted(WorkspaceLspService.scala:1421)
	at scala.collection.immutable.List.foreach(List.scala:334)
	at scala.meta.internal.metals.WorkspaceLspService.shutdown(WorkspaceLspService.scala:1421)
	at scala.meta.metals.MetalsLanguageServer.shutdown(MetalsLanguageServer.scala:273)
	at jdk.internal.reflect.DirectMethodHandleAccessor.invoke(DirectMethodHandleAccessor.java:103)
	at java.lang.reflect.Method.invoke(Method.java:580)
	at org.eclipse.lsp4j.jsonrpc.services.GenericEndpoint.lambda$recursiveFindRpcMethods$0(GenericEndpoint.java:65)
	at org.eclipse.lsp4j.jsonrpc.services.GenericEndpoint.request(GenericEndpoint.java:128)
	at org.eclipse.lsp4j.jsonrpc.RemoteEndpoint.handleRequest(RemoteEndpoint.java:271)
	at org.eclipse.lsp4j.jsonrpc.RemoteEndpoint.consume(RemoteEndpoint.java:201)
	at org.eclipse.lsp4j.jsonrpc.json.StreamMessageProducer.handleMessage(StreamMessageProducer.java:185)
	at org.eclipse.lsp4j.jsonrpc.json.StreamMessageProducer.listen(StreamMessageProducer.java:97)
	at org.eclipse.lsp4j.jsonrpc.json.ConcurrentMessageProcessor.run(ConcurrentMessageProcessor.java:114)
	at java.util.concurrent.Executors$RunnableAdapter.call(Executors.java:572)
	at java.util.concurrent.FutureTask.run(FutureTask.java:317)
	at java.util.concurrent.ThreadPoolExecutor.runWorker(ThreadPoolExecutor.java:1144)
	at java.util.concurrent.ThreadPoolExecutor$Worker.run(ThreadPoolExecutor.java:642)
	at java.lang.Thread.run(Thread.java:1583)
[0m
